<?xml version="1.0" encoding="UTF-8"?>
<!-- Generated by org.testng.reporters.JUnitReportReporter -->
<testsuite hostname="Arunkumar" failures="0" tests="3" name="TestRunner.TestRunner" time="0.108" errors="0" timestamp="2021-12-28T09:30:09 IST" skipped="0">
  <testcase classname="TestRunner.TestRunner" name="runScenario" time="0.018"/>
  <system-out/>
  <testcase classname="TestRunner.TestRunner" name="runScenario" time="0.078"/>
  <system-out/>
  <testcase classname="TestRunner.TestRunner" name="runScenario" time="0.012"/>
  <system-out/>
</testsuite> <!-- TestRunner.TestRunner -->
